<?xml version="1.0" encoding="UTF-8"?>
<testsuites name="jest tests" tests="1" failures="0" errors="0" time="0.422">
  <testsuite name="src/App.test.js" errors="0" failures="0" skipped="0" timestamp="2025-02-18T05:14:00" time="0.223" tests="1">
    <testcase classname="-checks if the title contains &apos;React App&apos;" name="-checks if the title contains &apos;React App&apos;" time="0.03">
    </testcase>
  </testsuite>
</testsuites>